[2017-02-05 21:41:50] GoDevis.INFO: Matched route "{route}". {"route":"home","route_parameters":{"_controller":"[object] (Closure: {})","_route":"home"},"request_uri":"http://godevis/","method":"GET"} []
[2017-02-05 21:41:50] GoDevis.INFO: Populated the TokenStorage with an anonymous Token. [] []
[2017-02-05 21:41:54] GoDevis.INFO: Matched route "{route}". {"route":"login","route_parameters":{"_controller":"[object] (Closure: {})","_route":"login"},"request_uri":"http://godevis/login","method":"GET"} []
[2017-02-05 21:41:54] GoDevis.INFO: Populated the TokenStorage with an anonymous Token. [] []
[2017-02-05 21:42:02] GoDevis.INFO: Matched route "{route}". {"route":"login_check","route_parameters":{"_controller":null,"_route":"login_check"},"request_uri":"http://godevis/login_check","method":"POST"} []
[2017-02-05 21:42:03] GoDevis.INFO: User has been authenticated successfully. {"username":"admin"} []
[2017-02-05 21:42:03] GoDevis.INFO: Matched route "{route}". {"route":"home","route_parameters":{"_controller":"[object] (Closure: {})","_route":"home"},"request_uri":"http://godevis/","method":"GET"} []
[2017-02-05 21:42:05] GoDevis.INFO: Matched route "{route}". {"route":"admin","route_parameters":{"_controller":"[object] (Closure: {})","_route":"admin"},"request_uri":"http://godevis/admin","method":"GET"} []
[2017-02-05 21:58:41] GoDevis.INFO: Matched route "{route}". {"route":"home","route_parameters":{"_controller":"[object] (Closure: {})","_route":"home"},"request_uri":"http://godevis/","method":"GET"} []
[2017-02-06 11:21:25] GoDevis.INFO: Matched route "{route}". {"route":"api_clients","route_parameters":{"_controller":"[object] (Closure: {})","_route":"api_clients"},"request_uri":"http://godevis/api/clients","method":"GET"} []
[2017-02-06 11:21:25] GoDevis.CRITICAL: Symfony\Component\Debug\Exception\ContextErrorException: Notice: Undefined variable: contact (uncaught exception) at C:\www\godevis\app\routes.php line 188 {"exception":"[object] (Symfony\\Component\\Debug\\Exception\\ContextErrorException(code: 0): Notice: Undefined variable: contact at C:\\www\\godevis\\app\\routes.php:188)"} []
[2017-02-06 11:21:50] GoDevis.INFO: Matched route "{route}". {"route":"api_clients","route_parameters":{"_controller":"[object] (Closure: {})","_route":"api_clients"},"request_uri":"http://godevis/api/clients","method":"GET"} []
[2017-02-06 11:21:50] GoDevis.CRITICAL: Symfony\Component\Debug\Exception\ContextErrorException: Notice: Undefined variable: contact (uncaught exception) at C:\www\godevis\app\routes.php line 188 {"exception":"[object] (Symfony\\Component\\Debug\\Exception\\ContextErrorException(code: 0): Notice: Undefined variable: contact at C:\\www\\godevis\\app\\routes.php:188)"} []
[2017-02-06 11:22:03] GoDevis.INFO: Matched route "{route}". {"route":"api_clients","route_parameters":{"_controller":"[object] (Closure: {})","_route":"api_clients"},"request_uri":"http://godevis/api/clients","method":"GET"} []
[2017-02-06 11:22:03] GoDevis.CRITICAL: Symfony\Component\Debug\Exception\ContextErrorException: Notice: Undefined variable: contact (uncaught exception) at C:\www\godevis\app\routes.php line 188 {"exception":"[object] (Symfony\\Component\\Debug\\Exception\\ContextErrorException(code: 0): Notice: Undefined variable: contact at C:\\www\\godevis\\app\\routes.php:188)"} []
[2017-02-06 11:23:14] GoDevis.INFO: Matched route "{route}". {"route":"api_clients","route_parameters":{"_controller":"[object] (Closure: {})","_route":"api_clients"},"request_uri":"http://godevis/api/clients","method":"GET"} []
[2017-02-06 11:37:00] GoDevis.INFO: Matched route "{route}". {"route":"api_clients","route_parameters":{"_controller":"[object] (Closure: {})","_route":"api_clients"},"request_uri":"http://godevis/api/clients","method":"GET"} []
[2017-02-06 11:37:49] GoDevis.INFO: Matched route "{route}". {"route":"api_client","route_parameters":{"_controller":"[object] (Closure: {})","id":"1","_route":"api_client"},"request_uri":"http://godevis/api/client/1","method":"GET"} []
[2017-02-06 12:10:56] GoDevis.INFO: Matched route "{route}". {"route":"home","route_parameters":{"_controller":"[object] (Closure: {})","_route":"home"},"request_uri":"http://godevis/","method":"GET"} []
[2017-02-06 12:10:56] GoDevis.INFO: Populated the TokenStorage with an anonymous Token. [] []
[2017-02-06 12:15:55] GoDevis.INFO: Matched route "{route}". {"route":"api_clients","route_parameters":{"_controller":"[object] (Closure: {})","_route":"api_clients"},"request_uri":"http://godevis/api/clients","method":"GET"} []
[2017-02-06 12:15:55] GoDevis.INFO: Populated the TokenStorage with an anonymous Token. [] []
[2017-02-06 12:17:39] GoDevis.ERROR: Symfony\Component\HttpKernel\Exception\MethodNotAllowedHttpException: No route found for "POST /api/clients": Method Not Allowed (Allow: GET) (uncaught exception) at C:\www\godevis\vendor\symfony\http-kernel\EventListener\RouterListener.php line 129 {"exception":"[object] (Symfony\\Component\\HttpKernel\\Exception\\MethodNotAllowedHttpException(code: 0): No route found for \"POST /api/clients\": Method Not Allowed (Allow: GET) at C:\\www\\godevis\\vendor\\symfony\\http-kernel\\EventListener\\RouterListener.php:129, Symfony\\Component\\Routing\\Exception\\MethodNotAllowedException(code: 0):  at C:\\www\\godevis\\vendor\\symfony\\routing\\Matcher\\UrlMatcher.php:97)"} []
[2017-02-06 12:17:55] GoDevis.INFO: Matched route "{route}". {"route":"api_client_add","route_parameters":{"_controller":"[object] (Closure: {})","_route":"api_client_add"},"request_uri":"http://godevis/api/client","method":"POST"} []
[2017-02-06 12:17:55] GoDevis.INFO: Populated the TokenStorage with an anonymous Token. [] []
[2017-02-06 12:18:58] GoDevis.INFO: Matched route "{route}". {"route":"api_client_add","route_parameters":{"_controller":"[object] (Closure: {})","_route":"api_client_add"},"request_uri":"http://godevis/api/client","method":"POST"} []
[2017-02-06 12:18:59] GoDevis.INFO: Populated the TokenStorage with an anonymous Token. [] []
[2017-02-06 12:19:40] GoDevis.INFO: Matched route "{route}". {"route":"api_client_add","route_parameters":{"_controller":"[object] (Closure: {})","_route":"api_client_add"},"request_uri":"http://godevis/api/client","method":"POST"} []
[2017-02-06 12:19:40] GoDevis.INFO: Populated the TokenStorage with an anonymous Token. [] []
[2017-02-06 12:21:28] GoDevis.INFO: Matched route "{route}". {"route":"api_client_add","route_parameters":{"_controller":"[object] (Closure: {})","_route":"api_client_add"},"request_uri":"http://godevis/api/client","method":"POST"} []
[2017-02-06 12:21:28] GoDevis.INFO: Populated the TokenStorage with an anonymous Token. [] []
[2017-02-06 12:21:42] GoDevis.INFO: Matched route "{route}". {"route":"home","route_parameters":{"_controller":"[object] (Closure: {})","_route":"home"},"request_uri":"http://godevis/","method":"GET"} []
[2017-02-06 12:21:42] GoDevis.INFO: Populated the TokenStorage with an anonymous Token. [] []
[2017-02-06 12:24:55] GoDevis.INFO: Matched route "{route}". {"route":"api_client_add","route_parameters":{"_controller":"[object] (Closure: {})","_route":"api_client_add"},"request_uri":"http://godevis/api/client","method":"POST"} []
[2017-02-06 12:24:55] GoDevis.INFO: Populated the TokenStorage with an anonymous Token. [] []
[2017-02-06 12:26:05] GoDevis.INFO: Matched route "{route}". {"route":"api_client_add","route_parameters":{"_controller":"[object] (Closure: {})","_route":"api_client_add"},"request_uri":"http://godevis/api/client","method":"POST"} []
[2017-02-06 12:26:05] GoDevis.INFO: Populated the TokenStorage with an anonymous Token. [] []
[2017-02-06 12:26:33] GoDevis.INFO: Matched route "{route}". {"route":"api_client_add","route_parameters":{"_controller":"[object] (Closure: {})","_route":"api_client_add"},"request_uri":"http://godevis/api/client","method":"POST"} []
[2017-02-06 12:26:33] GoDevis.INFO: Populated the TokenStorage with an anonymous Token. [] []
[2017-02-06 12:27:40] GoDevis.INFO: Matched route "{route}". {"route":"home","route_parameters":{"_controller":"[object] (Closure: {})","_route":"home"},"request_uri":"http://godevis/","method":"GET"} []
[2017-02-06 12:27:40] GoDevis.INFO: Populated the TokenStorage with an anonymous Token. [] []
[2017-02-06 12:31:39] GoDevis.INFO: Matched route "{route}". {"route":"api_client_delete","route_parameters":{"_controller":"[object] (Closure: {})","id":"4","_route":"api_client_delete"},"request_uri":"http://godevis/api/client/4","method":"DELETE"} []
[2017-02-06 12:31:39] GoDevis.INFO: Populated the TokenStorage with an anonymous Token. [] []
[2017-02-06 12:32:23] GoDevis.INFO: Matched route "{route}". {"route":"api_client_delete","route_parameters":{"_controller":"[object] (Closure: {})","id":"4","_route":"api_client_delete"},"request_uri":"http://godevis/api/client/4","method":"DELETE"} []
[2017-02-06 12:32:23] GoDevis.INFO: Populated the TokenStorage with an anonymous Token. [] []
[2017-02-06 12:32:45] GoDevis.INFO: Matched route "{route}". {"route":"api_client_delete","route_parameters":{"_controller":"[object] (Closure: {})","id":"3","_route":"api_client_delete"},"request_uri":"http://godevis/api/client/3","method":"DELETE"} []
[2017-02-06 12:32:45] GoDevis.INFO: Populated the TokenStorage with an anonymous Token. [] []
[2017-02-06 12:32:55] GoDevis.INFO: Matched route "{route}". {"route":"home","route_parameters":{"_controller":"[object] (Closure: {})","_route":"home"},"request_uri":"http://godevis/","method":"GET"} []
[2017-02-06 12:32:55] GoDevis.INFO: Populated the TokenStorage with an anonymous Token. [] []
[2017-02-06 14:16:28] GoDevis.INFO: Matched route "{route}". {"route":"home","route_parameters":{"_controller":"GoDevis\\Controller\\HomeController::indexAction","_route":"home"},"request_uri":"http://localhost/","method":"GET"} []
[2017-02-06 14:16:29] GoDevis.INFO: Populated the TokenStorage with an anonymous Token. [] []
[2017-02-06 14:16:29] GoDevis.INFO: Matched route "{route}". {"route":"client","route_parameters":{"_controller":"GoDevis\\Controller\\HomeController::clientAction","id":"1","_route":"client"},"request_uri":"http://localhost/client/1","method":"GET"} []
[2017-02-06 14:16:29] GoDevis.INFO: Populated the TokenStorage with an anonymous Token. [] []
[2017-02-06 14:16:29] GoDevis.CRITICAL: Twig_Error_Loader: Template "client.html.twig" is not defined. (uncaught exception) at C:\www\godevis\vendor\twig\twig\lib\Twig\Loader\Chain.php line 129 {"exception":"[object] (Twig_Error_Loader(code: 0): Template \"client.html.twig\" is not defined. at C:\\www\\godevis\\vendor\\twig\\twig\\lib\\Twig\\Loader\\Chain.php:129)"} []
[2017-02-06 14:16:29] GoDevis.INFO: Matched route "{route}". {"route":"login","route_parameters":{"_controller":"GoDevis\\Controller\\HomeController::loginAction","_route":"login"},"request_uri":"http://localhost/login","method":"GET"} []
[2017-02-06 14:16:29] GoDevis.INFO: Populated the TokenStorage with an anonymous Token. [] []
[2017-02-06 14:16:30] GoDevis.INFO: Matched route "{route}". {"route":"admin","route_parameters":{"_controller":"GoDevis\\Controller\\AdminController::indexAction","_route":"admin"},"request_uri":"http://localhost/admin","method":"GET"} []
[2017-02-06 14:16:30] GoDevis.INFO: Populated the TokenStorage with an anonymous Token. [] []
[2017-02-06 14:16:30] GoDevis.CRITICAL: Twig_Error_Runtime: An exception has been thrown during the rendering of a template ("Unable to generate a URL for the named route "admin_client_delete" as such route does not exist."). (uncaught exception) at C:\www\godevis\views\admin.html.twig line 66 {"exception":"[object] (Twig_Error_Runtime(code: 0): An exception has been thrown during the rendering of a template (\"Unable to generate a URL for the named route \"admin_client_delete\" as such route does not exist.\"). at C:\\www\\godevis\\views\\admin.html.twig:66, Symfony\\Component\\Routing\\Exception\\RouteNotFoundException(code: 0): Unable to generate a URL for the named route \"admin_client_delete\" as such route does not exist. at C:\\www\\godevis\\vendor\\symfony\\routing\\Generator\\UrlGenerator.php:130)"} []
[2017-02-06 14:16:30] GoDevis.INFO: Matched route "{route}". {"route":"admin_client_add","route_parameters":{"_controller":"GoDevis\\Controller\\AdminController::addClientAction","_route":"admin_client_add"},"request_uri":"http://localhost/admin/client/add","method":"GET"} []
[2017-02-06 14:16:30] GoDevis.INFO: Populated the TokenStorage with an anonymous Token. [] []
[2017-02-06 14:16:34] GoDevis.INFO: Matched route "{route}". {"route":"admin_client_edit","route_parameters":{"_controller":"GoDevis\\Controller\\AdminController::editClientAction","id":"1","_route":"admin_client_edit"},"request_uri":"http://localhost/admin/client/1/edit","method":"GET"} []
[2017-02-06 14:16:34] GoDevis.INFO: Populated the TokenStorage with an anonymous Token. [] []
[2017-02-06 14:16:34] GoDevis.INFO: Matched route "{route}". {"route":"admin_contact_edit","route_parameters":{"_controller":"GoDevis\\Controller\\AdminController::editContactAction","id":"1","_route":"admin_contact_edit"},"request_uri":"http://localhost/admin/contact/1/edit","method":"GET"} []
[2017-02-06 14:16:34] GoDevis.INFO: Populated the TokenStorage with an anonymous Token. [] []
[2017-02-06 14:16:34] GoDevis.INFO: Matched route "{route}". {"route":"admin_utilisateur_add","route_parameters":{"_controller":"GoDevis\\Controller\\AdminController::addUserAction","_route":"admin_utilisateur_add"},"request_uri":"http://localhost/admin/user/add","method":"GET"} []
[2017-02-06 14:16:34] GoDevis.INFO: Populated the TokenStorage with an anonymous Token. [] []
[2017-02-06 14:16:35] GoDevis.INFO: Matched route "{route}". {"route":"admin_utilisateur_edit","route_parameters":{"_controller":"GoDevis\\Controller\\AdminController::editUserAction","id":"1","_route":"admin_utilisateur_edit"},"request_uri":"http://localhost/admin/user/1/edit","method":"GET"} []
[2017-02-06 14:16:35] GoDevis.INFO: Populated the TokenStorage with an anonymous Token. [] []
[2017-02-06 14:20:10] GoDevis.INFO: Matched route "{route}". {"route":"home","route_parameters":{"_controller":"GoDevis\\Controller\\HomeController::indexAction","_route":"home"},"request_uri":"http://localhost/","method":"GET"} []
[2017-02-06 14:20:10] GoDevis.INFO: Populated the TokenStorage with an anonymous Token. [] []
[2017-02-06 14:20:10] GoDevis.INFO: Matched route "{route}". {"route":"client","route_parameters":{"_controller":"GoDevis\\Controller\\HomeController::clientAction","id":"1","_route":"client"},"request_uri":"http://localhost/client/1","method":"GET"} []
[2017-02-06 14:20:10] GoDevis.INFO: Populated the TokenStorage with an anonymous Token. [] []
[2017-02-06 14:20:10] GoDevis.INFO: Matched route "{route}". {"route":"login","route_parameters":{"_controller":"GoDevis\\Controller\\HomeController::loginAction","_route":"login"},"request_uri":"http://localhost/login","method":"GET"} []
[2017-02-06 14:20:10] GoDevis.INFO: Populated the TokenStorage with an anonymous Token. [] []
[2017-02-06 14:20:10] GoDevis.INFO: Matched route "{route}". {"route":"admin","route_parameters":{"_controller":"GoDevis\\Controller\\AdminController::indexAction","_route":"admin"},"request_uri":"http://localhost/admin","method":"GET"} []
[2017-02-06 14:20:10] GoDevis.INFO: Populated the TokenStorage with an anonymous Token. [] []
[2017-02-06 14:20:11] GoDevis.CRITICAL: Twig_Error_Runtime: An exception has been thrown during the rendering of a template ("Unable to generate a URL for the named route "admin_client_delete" as such route does not exist."). (uncaught exception) at C:\www\godevis\views\admin.html.twig line 66 {"exception":"[object] (Twig_Error_Runtime(code: 0): An exception has been thrown during the rendering of a template (\"Unable to generate a URL for the named route \"admin_client_delete\" as such route does not exist.\"). at C:\\www\\godevis\\views\\admin.html.twig:66, Symfony\\Component\\Routing\\Exception\\RouteNotFoundException(code: 0): Unable to generate a URL for the named route \"admin_client_delete\" as such route does not exist. at C:\\www\\godevis\\vendor\\symfony\\routing\\Generator\\UrlGenerator.php:130)"} []
[2017-02-06 14:20:11] GoDevis.INFO: Matched route "{route}". {"route":"admin_client_add","route_parameters":{"_controller":"GoDevis\\Controller\\AdminController::addClientAction","_route":"admin_client_add"},"request_uri":"http://localhost/admin/client/add","method":"GET"} []
[2017-02-06 14:20:11] GoDevis.INFO: Populated the TokenStorage with an anonymous Token. [] []
[2017-02-06 14:20:12] GoDevis.INFO: Matched route "{route}". {"route":"admin_client_edit","route_parameters":{"_controller":"GoDevis\\Controller\\AdminController::editClientAction","id":"1","_route":"admin_client_edit"},"request_uri":"http://localhost/admin/client/1/edit","method":"GET"} []
[2017-02-06 14:20:12] GoDevis.INFO: Populated the TokenStorage with an anonymous Token. [] []
[2017-02-06 14:20:12] GoDevis.INFO: Matched route "{route}". {"route":"admin_contact_edit","route_parameters":{"_controller":"GoDevis\\Controller\\AdminController::editContactAction","id":"1","_route":"admin_contact_edit"},"request_uri":"http://localhost/admin/contact/1/edit","method":"GET"} []
[2017-02-06 14:20:12] GoDevis.INFO: Populated the TokenStorage with an anonymous Token. [] []
[2017-02-06 14:20:12] GoDevis.INFO: Matched route "{route}". {"route":"admin_utilisateur_add","route_parameters":{"_controller":"GoDevis\\Controller\\AdminController::addUserAction","_route":"admin_utilisateur_add"},"request_uri":"http://localhost/admin/user/add","method":"GET"} []
[2017-02-06 14:20:12] GoDevis.INFO: Populated the TokenStorage with an anonymous Token. [] []
[2017-02-06 14:20:12] GoDevis.INFO: Matched route "{route}". {"route":"admin_utilisateur_edit","route_parameters":{"_controller":"GoDevis\\Controller\\AdminController::editUserAction","id":"1","_route":"admin_utilisateur_edit"},"request_uri":"http://localhost/admin/user/1/edit","method":"GET"} []
[2017-02-06 14:20:12] GoDevis.INFO: Populated the TokenStorage with an anonymous Token. [] []
[2017-02-06 14:21:23] GoDevis.INFO: Matched route "{route}". {"route":"home","route_parameters":{"_controller":"GoDevis\\Controller\\HomeController::indexAction","_route":"home"},"request_uri":"http://localhost/","method":"GET"} []
[2017-02-06 14:21:23] GoDevis.INFO: Populated the TokenStorage with an anonymous Token. [] []
[2017-02-06 14:21:23] GoDevis.INFO: Matched route "{route}". {"route":"client","route_parameters":{"_controller":"GoDevis\\Controller\\HomeController::clientAction","id":"1","_route":"client"},"request_uri":"http://localhost/client/1","method":"GET"} []
[2017-02-06 14:21:23] GoDevis.INFO: Populated the TokenStorage with an anonymous Token. [] []
[2017-02-06 14:21:23] GoDevis.INFO: Matched route "{route}". {"route":"login","route_parameters":{"_controller":"GoDevis\\Controller\\HomeController::loginAction","_route":"login"},"request_uri":"http://localhost/login","method":"GET"} []
[2017-02-06 14:21:23] GoDevis.INFO: Populated the TokenStorage with an anonymous Token. [] []
[2017-02-06 14:21:23] GoDevis.INFO: Matched route "{route}". {"route":"admin","route_parameters":{"_controller":"GoDevis\\Controller\\AdminController::indexAction","_route":"admin"},"request_uri":"http://localhost/admin","method":"GET"} []
[2017-02-06 14:21:23] GoDevis.INFO: Populated the TokenStorage with an anonymous Token. [] []
[2017-02-06 14:21:23] GoDevis.CRITICAL: Twig_Error_Runtime: An exception has been thrown during the rendering of a template ("Unable to generate a URL for the named route "admin_user_edit" as such route does not exist."). (uncaught exception) at C:\www\godevis\views\admin.html.twig line 151 {"exception":"[object] (Twig_Error_Runtime(code: 0): An exception has been thrown during the rendering of a template (\"Unable to generate a URL for the named route \"admin_user_edit\" as such route does not exist.\"). at C:\\www\\godevis\\views\\admin.html.twig:151, Symfony\\Component\\Routing\\Exception\\RouteNotFoundException(code: 0): Unable to generate a URL for the named route \"admin_user_edit\" as such route does not exist. at C:\\www\\godevis\\vendor\\symfony\\routing\\Generator\\UrlGenerator.php:130)"} []
[2017-02-06 14:21:23] GoDevis.INFO: Matched route "{route}". {"route":"admin_client_add","route_parameters":{"_controller":"GoDevis\\Controller\\AdminController::addClientAction","_route":"admin_client_add"},"request_uri":"http://localhost/admin/client/add","method":"GET"} []
[2017-02-06 14:21:24] GoDevis.INFO: Populated the TokenStorage with an anonymous Token. [] []
[2017-02-06 14:21:25] GoDevis.INFO: Matched route "{route}". {"route":"admin_client_edit","route_parameters":{"_controller":"GoDevis\\Controller\\AdminController::editClientAction","id":"1","_route":"admin_client_edit"},"request_uri":"http://localhost/admin/client/1/edit","method":"GET"} []
[2017-02-06 14:21:25] GoDevis.INFO: Populated the TokenStorage with an anonymous Token. [] []
[2017-02-06 14:21:25] GoDevis.INFO: Matched route "{route}". {"route":"admin_contact_edit","route_parameters":{"_controller":"GoDevis\\Controller\\AdminController::editContactAction","id":"1","_route":"admin_contact_edit"},"request_uri":"http://localhost/admin/contact/1/edit","method":"GET"} []
[2017-02-06 14:21:25] GoDevis.INFO: Populated the TokenStorage with an anonymous Token. [] []
[2017-02-06 14:21:25] GoDevis.INFO: Matched route "{route}". {"route":"admin_utilisateur_add","route_parameters":{"_controller":"GoDevis\\Controller\\AdminController::addUserAction","_route":"admin_utilisateur_add"},"request_uri":"http://localhost/admin/user/add","method":"GET"} []
[2017-02-06 14:21:25] GoDevis.INFO: Populated the TokenStorage with an anonymous Token. [] []
[2017-02-06 14:21:25] GoDevis.INFO: Matched route "{route}". {"route":"admin_utilisateur_edit","route_parameters":{"_controller":"GoDevis\\Controller\\AdminController::editUserAction","id":"1","_route":"admin_utilisateur_edit"},"request_uri":"http://localhost/admin/user/1/edit","method":"GET"} []
[2017-02-06 14:21:25] GoDevis.INFO: Populated the TokenStorage with an anonymous Token. [] []
[2017-02-06 14:22:30] GoDevis.INFO: Matched route "{route}". {"route":"home","route_parameters":{"_controller":"GoDevis\\Controller\\HomeController::indexAction","_route":"home"},"request_uri":"http://localhost/","method":"GET"} []
[2017-02-06 14:22:30] GoDevis.INFO: Populated the TokenStorage with an anonymous Token. [] []
[2017-02-06 14:22:30] GoDevis.INFO: Matched route "{route}". {"route":"client","route_parameters":{"_controller":"GoDevis\\Controller\\HomeController::clientAction","id":"1","_route":"client"},"request_uri":"http://localhost/client/1","method":"GET"} []
[2017-02-06 14:22:30] GoDevis.INFO: Populated the TokenStorage with an anonymous Token. [] []
[2017-02-06 14:22:30] GoDevis.INFO: Matched route "{route}". {"route":"login","route_parameters":{"_controller":"GoDevis\\Controller\\HomeController::loginAction","_route":"login"},"request_uri":"http://localhost/login","method":"GET"} []
[2017-02-06 14:22:30] GoDevis.INFO: Populated the TokenStorage with an anonymous Token. [] []
[2017-02-06 14:22:30] GoDevis.INFO: Matched route "{route}". {"route":"admin","route_parameters":{"_controller":"GoDevis\\Controller\\AdminController::indexAction","_route":"admin"},"request_uri":"http://localhost/admin","method":"GET"} []
[2017-02-06 14:22:30] GoDevis.INFO: Populated the TokenStorage with an anonymous Token. [] []
[2017-02-06 14:22:31] GoDevis.CRITICAL: Twig_Error_Runtime: An exception has been thrown during the rendering of a template ("Unable to generate a URL for the named route "admin_user_delete" as such route does not exist."). (uncaught exception) at C:\www\godevis\views\admin.html.twig line 166 {"exception":"[object] (Twig_Error_Runtime(code: 0): An exception has been thrown during the rendering of a template (\"Unable to generate a URL for the named route \"admin_user_delete\" as such route does not exist.\"). at C:\\www\\godevis\\views\\admin.html.twig:166, Symfony\\Component\\Routing\\Exception\\RouteNotFoundException(code: 0): Unable to generate a URL for the named route \"admin_user_delete\" as such route does not exist. at C:\\www\\godevis\\vendor\\symfony\\routing\\Generator\\UrlGenerator.php:130)"} []
[2017-02-06 14:22:31] GoDevis.INFO: Matched route "{route}". {"route":"admin_client_add","route_parameters":{"_controller":"GoDevis\\Controller\\AdminController::addClientAction","_route":"admin_client_add"},"request_uri":"http://localhost/admin/client/add","method":"GET"} []
[2017-02-06 14:22:31] GoDevis.INFO: Populated the TokenStorage with an anonymous Token. [] []
[2017-02-06 14:22:32] GoDevis.INFO: Matched route "{route}". {"route":"admin_client_edit","route_parameters":{"_controller":"GoDevis\\Controller\\AdminController::editClientAction","id":"1","_route":"admin_client_edit"},"request_uri":"http://localhost/admin/client/1/edit","method":"GET"} []
[2017-02-06 14:22:32] GoDevis.INFO: Populated the TokenStorage with an anonymous Token. [] []
[2017-02-06 14:22:32] GoDevis.INFO: Matched route "{route}". {"route":"admin_contact_edit","route_parameters":{"_controller":"GoDevis\\Controller\\AdminController::editContactAction","id":"1","_route":"admin_contact_edit"},"request_uri":"http://localhost/admin/contact/1/edit","method":"GET"} []
[2017-02-06 14:22:32] GoDevis.INFO: Populated the TokenStorage with an anonymous Token. [] []
[2017-02-06 14:22:32] GoDevis.INFO: Matched route "{route}". {"route":"admin_utilisateur_add","route_parameters":{"_controller":"GoDevis\\Controller\\AdminController::addUserAction","_route":"admin_utilisateur_add"},"request_uri":"http://localhost/admin/user/add","method":"GET"} []
[2017-02-06 14:22:32] GoDevis.INFO: Populated the TokenStorage with an anonymous Token. [] []
[2017-02-06 14:22:32] GoDevis.INFO: Matched route "{route}". {"route":"admin_user_edit","route_parameters":{"_controller":"GoDevis\\Controller\\AdminController::editUserAction","id":"1","_route":"admin_user_edit"},"request_uri":"http://localhost/admin/user/1/edit","method":"GET"} []
[2017-02-06 14:22:32] GoDevis.INFO: Populated the TokenStorage with an anonymous Token. [] []
[2017-02-06 14:23:06] GoDevis.INFO: Matched route "{route}". {"route":"home","route_parameters":{"_controller":"GoDevis\\Controller\\HomeController::indexAction","_route":"home"},"request_uri":"http://localhost/","method":"GET"} []
[2017-02-06 14:23:06] GoDevis.INFO: Populated the TokenStorage with an anonymous Token. [] []
[2017-02-06 14:23:06] GoDevis.INFO: Matched route "{route}". {"route":"client","route_parameters":{"_controller":"GoDevis\\Controller\\HomeController::clientAction","id":"1","_route":"client"},"request_uri":"http://localhost/client/1","method":"GET"} []
[2017-02-06 14:23:06] GoDevis.INFO: Populated the TokenStorage with an anonymous Token. [] []
[2017-02-06 14:23:06] GoDevis.INFO: Matched route "{route}". {"route":"login","route_parameters":{"_controller":"GoDevis\\Controller\\HomeController::loginAction","_route":"login"},"request_uri":"http://localhost/login","method":"GET"} []
[2017-02-06 14:23:06] GoDevis.INFO: Populated the TokenStorage with an anonymous Token. [] []
[2017-02-06 14:23:06] GoDevis.INFO: Matched route "{route}". {"route":"admin","route_parameters":{"_controller":"GoDevis\\Controller\\AdminController::indexAction","_route":"admin"},"request_uri":"http://localhost/admin","method":"GET"} []
[2017-02-06 14:23:06] GoDevis.INFO: Populated the TokenStorage with an anonymous Token. [] []
[2017-02-06 14:23:06] GoDevis.CRITICAL: Twig_Error_Runtime: An exception has been thrown during the rendering of a template ("Unable to generate a URL for the named route "admin_user_add" as such route does not exist."). (uncaught exception) at C:\www\godevis\views\admin.html.twig line 179 {"exception":"[object] (Twig_Error_Runtime(code: 0): An exception has been thrown during the rendering of a template (\"Unable to generate a URL for the named route \"admin_user_add\" as such route does not exist.\"). at C:\\www\\godevis\\views\\admin.html.twig:179, Symfony\\Component\\Routing\\Exception\\RouteNotFoundException(code: 0): Unable to generate a URL for the named route \"admin_user_add\" as such route does not exist. at C:\\www\\godevis\\vendor\\symfony\\routing\\Generator\\UrlGenerator.php:130)"} []
[2017-02-06 14:23:06] GoDevis.INFO: Matched route "{route}". {"route":"admin_client_add","route_parameters":{"_controller":"GoDevis\\Controller\\AdminController::addClientAction","_route":"admin_client_add"},"request_uri":"http://localhost/admin/client/add","method":"GET"} []
[2017-02-06 14:23:06] GoDevis.INFO: Populated the TokenStorage with an anonymous Token. [] []
[2017-02-06 14:23:07] GoDevis.INFO: Matched route "{route}". {"route":"admin_client_edit","route_parameters":{"_controller":"GoDevis\\Controller\\AdminController::editClientAction","id":"1","_route":"admin_client_edit"},"request_uri":"http://localhost/admin/client/1/edit","method":"GET"} []
[2017-02-06 14:23:07] GoDevis.INFO: Populated the TokenStorage with an anonymous Token. [] []
[2017-02-06 14:23:07] GoDevis.INFO: Matched route "{route}". {"route":"admin_contact_edit","route_parameters":{"_controller":"GoDevis\\Controller\\AdminController::editContactAction","id":"1","_route":"admin_contact_edit"},"request_uri":"http://localhost/admin/contact/1/edit","method":"GET"} []
[2017-02-06 14:23:07] GoDevis.INFO: Populated the TokenStorage with an anonymous Token. [] []
[2017-02-06 14:23:07] GoDevis.INFO: Matched route "{route}". {"route":"admin_utilisateur_add","route_parameters":{"_controller":"GoDevis\\Controller\\AdminController::addUserAction","_route":"admin_utilisateur_add"},"request_uri":"http://localhost/admin/user/add","method":"GET"} []
[2017-02-06 14:23:07] GoDevis.INFO: Populated the TokenStorage with an anonymous Token. [] []
[2017-02-06 14:23:08] GoDevis.INFO: Matched route "{route}". {"route":"admin_user_edit","route_parameters":{"_controller":"GoDevis\\Controller\\AdminController::editUserAction","id":"1","_route":"admin_user_edit"},"request_uri":"http://localhost/admin/user/1/edit","method":"GET"} []
[2017-02-06 14:23:08] GoDevis.INFO: Populated the TokenStorage with an anonymous Token. [] []
[2017-02-06 14:23:32] GoDevis.INFO: Matched route "{route}". {"route":"home","route_parameters":{"_controller":"GoDevis\\Controller\\HomeController::indexAction","_route":"home"},"request_uri":"http://localhost/","method":"GET"} []
[2017-02-06 14:23:32] GoDevis.INFO: Populated the TokenStorage with an anonymous Token. [] []
[2017-02-06 14:23:32] GoDevis.INFO: Matched route "{route}". {"route":"client","route_parameters":{"_controller":"GoDevis\\Controller\\HomeController::clientAction","id":"1","_route":"client"},"request_uri":"http://localhost/client/1","method":"GET"} []
[2017-02-06 14:23:32] GoDevis.INFO: Populated the TokenStorage with an anonymous Token. [] []
[2017-02-06 14:23:32] GoDevis.INFO: Matched route "{route}". {"route":"login","route_parameters":{"_controller":"GoDevis\\Controller\\HomeController::loginAction","_route":"login"},"request_uri":"http://localhost/login","method":"GET"} []
[2017-02-06 14:23:32] GoDevis.INFO: Populated the TokenStorage with an anonymous Token. [] []
[2017-02-06 14:23:32] GoDevis.INFO: Matched route "{route}". {"route":"admin","route_parameters":{"_controller":"GoDevis\\Controller\\AdminController::indexAction","_route":"admin"},"request_uri":"http://localhost/admin","method":"GET"} []
[2017-02-06 14:23:32] GoDevis.INFO: Populated the TokenStorage with an anonymous Token. [] []
[2017-02-06 14:23:33] GoDevis.INFO: Matched route "{route}". {"route":"admin_client_add","route_parameters":{"_controller":"GoDevis\\Controller\\AdminController::addClientAction","_route":"admin_client_add"},"request_uri":"http://localhost/admin/client/add","method":"GET"} []
[2017-02-06 14:23:33] GoDevis.INFO: Populated the TokenStorage with an anonymous Token. [] []
[2017-02-06 14:23:34] GoDevis.INFO: Matched route "{route}". {"route":"admin_client_edit","route_parameters":{"_controller":"GoDevis\\Controller\\AdminController::editClientAction","id":"1","_route":"admin_client_edit"},"request_uri":"http://localhost/admin/client/1/edit","method":"GET"} []
[2017-02-06 14:23:34] GoDevis.INFO: Populated the TokenStorage with an anonymous Token. [] []
[2017-02-06 14:23:34] GoDevis.INFO: Matched route "{route}". {"route":"admin_contact_edit","route_parameters":{"_controller":"GoDevis\\Controller\\AdminController::editContactAction","id":"1","_route":"admin_contact_edit"},"request_uri":"http://localhost/admin/contact/1/edit","method":"GET"} []
[2017-02-06 14:23:34] GoDevis.INFO: Populated the TokenStorage with an anonymous Token. [] []
[2017-02-06 14:23:34] GoDevis.INFO: Matched route "{route}". {"route":"admin_user_add","route_parameters":{"_controller":"GoDevis\\Controller\\AdminController::addUserAction","_route":"admin_user_add"},"request_uri":"http://localhost/admin/user/add","method":"GET"} []
[2017-02-06 14:23:34] GoDevis.INFO: Populated the TokenStorage with an anonymous Token. [] []
[2017-02-06 14:23:34] GoDevis.INFO: Matched route "{route}". {"route":"admin_user_edit","route_parameters":{"_controller":"GoDevis\\Controller\\AdminController::editUserAction","id":"1","_route":"admin_user_edit"},"request_uri":"http://localhost/admin/user/1/edit","method":"GET"} []
[2017-02-06 14:23:34] GoDevis.INFO: Populated the TokenStorage with an anonymous Token. [] []
[2017-02-06 14:24:15] GoDevis.INFO: Matched route "{route}". {"route":"home","route_parameters":{"_controller":"GoDevis\\Controller\\HomeController::indexAction","_route":"home"},"request_uri":"http://localhost/","method":"GET"} []
[2017-02-06 14:24:15] GoDevis.INFO: Populated the TokenStorage with an anonymous Token. [] []
[2017-02-06 14:24:15] GoDevis.INFO: Matched route "{route}". {"route":"client","route_parameters":{"_controller":"GoDevis\\Controller\\HomeController::clientAction","id":"1","_route":"client"},"request_uri":"http://localhost/client/1","method":"GET"} []
[2017-02-06 14:24:15] GoDevis.INFO: Populated the TokenStorage with an anonymous Token. [] []
[2017-02-06 14:24:15] GoDevis.INFO: Matched route "{route}". {"route":"login","route_parameters":{"_controller":"GoDevis\\Controller\\HomeController::loginAction","_route":"login"},"request_uri":"http://localhost/login","method":"GET"} []
[2017-02-06 14:24:15] GoDevis.INFO: Populated the TokenStorage with an anonymous Token. [] []
[2017-02-06 14:24:15] GoDevis.INFO: Matched route "{route}". {"route":"admin","route_parameters":{"_controller":"GoDevis\\Controller\\AdminController::indexAction","_route":"admin"},"request_uri":"http://localhost/admin","method":"GET"} []
[2017-02-06 14:24:15] GoDevis.INFO: Populated the TokenStorage with an anonymous Token. [] []
[2017-02-06 14:24:15] GoDevis.INFO: Matched route "{route}". {"route":"admin_client_add","route_parameters":{"_controller":"GoDevis\\Controller\\AdminController::addClientAction","_route":"admin_client_add"},"request_uri":"http://localhost/admin/client/add","method":"GET"} []
[2017-02-06 14:24:15] GoDevis.INFO: Populated the TokenStorage with an anonymous Token. [] []
[2017-02-06 14:24:16] GoDevis.INFO: Matched route "{route}". {"route":"admin_client_edit","route_parameters":{"_controller":"GoDevis\\Controller\\AdminController::editClientAction","id":"1","_route":"admin_client_edit"},"request_uri":"http://localhost/admin/client/1/edit","method":"GET"} []
[2017-02-06 14:24:16] GoDevis.INFO: Populated the TokenStorage with an anonymous Token. [] []
[2017-02-06 14:24:16] GoDevis.INFO: Matched route "{route}". {"route":"admin_contact_edit","route_parameters":{"_controller":"GoDevis\\Controller\\AdminController::editContactAction","id":"1","_route":"admin_contact_edit"},"request_uri":"http://localhost/admin/contact/1/edit","method":"GET"} []
[2017-02-06 14:24:16] GoDevis.INFO: Populated the TokenStorage with an anonymous Token. [] []
[2017-02-06 14:24:17] GoDevis.INFO: Matched route "{route}". {"route":"admin_user_add","route_parameters":{"_controller":"GoDevis\\Controller\\AdminController::addUserAction","_route":"admin_user_add"},"request_uri":"http://localhost/admin/user/add","method":"GET"} []
[2017-02-06 14:24:17] GoDevis.INFO: Populated the TokenStorage with an anonymous Token. [] []
[2017-02-06 14:24:17] GoDevis.INFO: Matched route "{route}". {"route":"admin_user_edit","route_parameters":{"_controller":"GoDevis\\Controller\\AdminController::editUserAction","id":"1","_route":"admin_user_edit"},"request_uri":"http://localhost/admin/user/1/edit","method":"GET"} []
[2017-02-06 14:24:17] GoDevis.INFO: Populated the TokenStorage with an anonymous Token. [] []
[2017-02-06 14:24:17] GoDevis.INFO: Matched route "{route}". {"route":"api_clients","route_parameters":{"_controller":"GoDevis\\Controller\\ApiController::getClientsAction","_route":"api_clients"},"request_uri":"http://localhost/api/clients","method":"GET"} []
[2017-02-06 14:24:17] GoDevis.INFO: Populated the TokenStorage with an anonymous Token. [] []
[2017-02-06 14:24:17] GoDevis.CRITICAL: Symfony\Component\Debug\Exception\ContextErrorException: Catchable Fatal Error: Argument 1 passed to GoDevis\Controller\ApiController::buildClientArray() must be an instance of GoDevis\Controller\Client, instance of godevis\Domain\Client given, called in C:\www\godevis\src\Controller\ApiController.php on line 24 and defined (uncaught exception) at C:\www\godevis\src\Controller\ApiController.php line 94 {"exception":"[object] (Symfony\\Component\\Debug\\Exception\\ContextErrorException(code: 0): Catchable Fatal Error: Argument 1 passed to GoDevis\\Controller\\ApiController::buildClientArray() must be an instance of GoDevis\\Controller\\Client, instance of godevis\\Domain\\Client given, called in C:\\www\\godevis\\src\\Controller\\ApiController.php on line 24 and defined at C:\\www\\godevis\\src\\Controller\\ApiController.php:94)"} []
[2017-02-06 14:24:17] GoDevis.INFO: Matched route "{route}". {"route":"api_client","route_parameters":{"_controller":"GoDevis\\Controller\\ApiController::getArticleAction","id":"1","_route":"api_client"},"request_uri":"http://localhost/api/client/1","method":"GET"} []
[2017-02-06 14:24:17] GoDevis.INFO: Populated the TokenStorage with an anonymous Token. [] []
[2017-02-06 14:24:17] GoDevis.CRITICAL: InvalidArgumentException: The controller for URI "/api/client/1" is not callable. Expected method "getArticleAction" on class "GoDevis\Controller\ApiController". Available methods: "getClientsAction", "getClientAction", "addClientAction", "deleteCustomerAction". (uncaught exception) at C:\www\godevis\vendor\symfony\http-kernel\Controller\ControllerResolver.php line 98 {"exception":"[object] (InvalidArgumentException(code: 0): The controller for URI \"/api/client/1\" is not callable. Expected method \"getArticleAction\" on class \"GoDevis\\Controller\\ApiController\". Available methods: \"getClientsAction\", \"getClientAction\", \"addClientAction\", \"deleteCustomerAction\". at C:\\www\\godevis\\vendor\\symfony\\http-kernel\\Controller\\ControllerResolver.php:98)"} []
[2017-02-06 14:28:33] GoDevis.INFO: Matched route "{route}". {"route":"home","route_parameters":{"_controller":"GoDevis\\Controller\\HomeController::indexAction","_route":"home"},"request_uri":"http://localhost/","method":"GET"} []
[2017-02-06 14:28:33] GoDevis.INFO: Populated the TokenStorage with an anonymous Token. [] []
[2017-02-06 14:28:33] GoDevis.INFO: Matched route "{route}". {"route":"client","route_parameters":{"_controller":"GoDevis\\Controller\\HomeController::clientAction","id":"1","_route":"client"},"request_uri":"http://localhost/client/1","method":"GET"} []
[2017-02-06 14:28:33] GoDevis.INFO: Populated the TokenStorage with an anonymous Token. [] []
[2017-02-06 14:28:33] GoDevis.INFO: Matched route "{route}". {"route":"login","route_parameters":{"_controller":"GoDevis\\Controller\\HomeController::loginAction","_route":"login"},"request_uri":"http://localhost/login","method":"GET"} []
[2017-02-06 14:28:33] GoDevis.INFO: Populated the TokenStorage with an anonymous Token. [] []
[2017-02-06 14:28:34] GoDevis.INFO: Matched route "{route}". {"route":"admin","route_parameters":{"_controller":"GoDevis\\Controller\\AdminController::indexAction","_route":"admin"},"request_uri":"http://localhost/admin","method":"GET"} []
[2017-02-06 14:28:34] GoDevis.INFO: Populated the TokenStorage with an anonymous Token. [] []
[2017-02-06 14:28:34] GoDevis.INFO: Matched route "{route}". {"route":"admin_client_add","route_parameters":{"_controller":"GoDevis\\Controller\\AdminController::addClientAction","_route":"admin_client_add"},"request_uri":"http://localhost/admin/client/add","method":"GET"} []
[2017-02-06 14:28:34] GoDevis.INFO: Populated the TokenStorage with an anonymous Token. [] []
[2017-02-06 14:28:35] GoDevis.INFO: Matched route "{route}". {"route":"admin_client_edit","route_parameters":{"_controller":"GoDevis\\Controller\\AdminController::editClientAction","id":"1","_route":"admin_client_edit"},"request_uri":"http://localhost/admin/client/1/edit","method":"GET"} []
[2017-02-06 14:28:35] GoDevis.INFO: Populated the TokenStorage with an anonymous Token. [] []
[2017-02-06 14:28:35] GoDevis.INFO: Matched route "{route}". {"route":"admin_contact_edit","route_parameters":{"_controller":"GoDevis\\Controller\\AdminController::editContactAction","id":"1","_route":"admin_contact_edit"},"request_uri":"http://localhost/admin/contact/1/edit","method":"GET"} []
[2017-02-06 14:28:35] GoDevis.INFO: Populated the TokenStorage with an anonymous Token. [] []
[2017-02-06 14:28:35] GoDevis.INFO: Matched route "{route}". {"route":"admin_user_add","route_parameters":{"_controller":"GoDevis\\Controller\\AdminController::addUserAction","_route":"admin_user_add"},"request_uri":"http://localhost/admin/user/add","method":"GET"} []
[2017-02-06 14:28:35] GoDevis.INFO: Populated the TokenStorage with an anonymous Token. [] []
[2017-02-06 14:28:35] GoDevis.INFO: Matched route "{route}". {"route":"admin_user_edit","route_parameters":{"_controller":"GoDevis\\Controller\\AdminController::editUserAction","id":"1","_route":"admin_user_edit"},"request_uri":"http://localhost/admin/user/1/edit","method":"GET"} []
[2017-02-06 14:28:35] GoDevis.INFO: Populated the TokenStorage with an anonymous Token. [] []
[2017-02-06 14:28:35] GoDevis.INFO: Matched route "{route}". {"route":"api_clients","route_parameters":{"_controller":"GoDevis\\Controller\\ApiController::getClientsAction","_route":"api_clients"},"request_uri":"http://localhost/api/clients","method":"GET"} []
[2017-02-06 14:28:35] GoDevis.INFO: Populated the TokenStorage with an anonymous Token. [] []
[2017-02-06 14:28:35] GoDevis.CRITICAL: Symfony\Component\Debug\Exception\ContextErrorException: Catchable Fatal Error: Argument 1 passed to GoDevis\Controller\ApiController::buildClientArray() must be an instance of GoDevis\Controller\Client, instance of godevis\Domain\Client given, called in C:\www\godevis\src\Controller\ApiController.php on line 24 and defined (uncaught exception) at C:\www\godevis\src\Controller\ApiController.php line 94 {"exception":"[object] (Symfony\\Component\\Debug\\Exception\\ContextErrorException(code: 0): Catchable Fatal Error: Argument 1 passed to GoDevis\\Controller\\ApiController::buildClientArray() must be an instance of GoDevis\\Controller\\Client, instance of godevis\\Domain\\Client given, called in C:\\www\\godevis\\src\\Controller\\ApiController.php on line 24 and defined at C:\\www\\godevis\\src\\Controller\\ApiController.php:94)"} []
[2017-02-06 14:28:35] GoDevis.INFO: Matched route "{route}". {"route":"api_client","route_parameters":{"_controller":"GoDevis\\Controller\\ApiController::getClientAction","id":"1","_route":"api_client"},"request_uri":"http://localhost/api/client/1","method":"GET"} []
[2017-02-06 14:28:35] GoDevis.INFO: Populated the TokenStorage with an anonymous Token. [] []
[2017-02-06 14:28:35] GoDevis.CRITICAL: Symfony\Component\Debug\Exception\ContextErrorException: Catchable Fatal Error: Argument 1 passed to GoDevis\Controller\ApiController::buildClientArray() must be an instance of GoDevis\Controller\Client, instance of godevis\Domain\Client given, called in C:\www\godevis\src\Controller\ApiController.php on line 40 and defined (uncaught exception) at C:\www\godevis\src\Controller\ApiController.php line 94 {"exception":"[object] (Symfony\\Component\\Debug\\Exception\\ContextErrorException(code: 0): Catchable Fatal Error: Argument 1 passed to GoDevis\\Controller\\ApiController::buildClientArray() must be an instance of GoDevis\\Controller\\Client, instance of godevis\\Domain\\Client given, called in C:\\www\\godevis\\src\\Controller\\ApiController.php on line 40 and defined at C:\\www\\godevis\\src\\Controller\\ApiController.php:94)"} []
[2017-02-06 14:30:12] GoDevis.INFO: Matched route "{route}". {"route":"home","route_parameters":{"_controller":"GoDevis\\Controller\\HomeController::indexAction","_route":"home"},"request_uri":"http://localhost/","method":"GET"} []
[2017-02-06 14:30:12] GoDevis.INFO: Populated the TokenStorage with an anonymous Token. [] []
[2017-02-06 14:30:12] GoDevis.INFO: Matched route "{route}". {"route":"client","route_parameters":{"_controller":"GoDevis\\Controller\\HomeController::clientAction","id":"1","_route":"client"},"request_uri":"http://localhost/client/1","method":"GET"} []
[2017-02-06 14:30:12] GoDevis.INFO: Populated the TokenStorage with an anonymous Token. [] []
[2017-02-06 14:30:12] GoDevis.INFO: Matched route "{route}". {"route":"login","route_parameters":{"_controller":"GoDevis\\Controller\\HomeController::loginAction","_route":"login"},"request_uri":"http://localhost/login","method":"GET"} []
[2017-02-06 14:30:12] GoDevis.INFO: Populated the TokenStorage with an anonymous Token. [] []
[2017-02-06 14:30:12] GoDevis.INFO: Matched route "{route}". {"route":"admin","route_parameters":{"_controller":"GoDevis\\Controller\\AdminController::indexAction","_route":"admin"},"request_uri":"http://localhost/admin","method":"GET"} []
[2017-02-06 14:30:12] GoDevis.INFO: Populated the TokenStorage with an anonymous Token. [] []
[2017-02-06 14:30:12] GoDevis.INFO: Matched route "{route}". {"route":"admin_client_add","route_parameters":{"_controller":"GoDevis\\Controller\\AdminController::addClientAction","_route":"admin_client_add"},"request_uri":"http://localhost/admin/client/add","method":"GET"} []
[2017-02-06 14:30:12] GoDevis.INFO: Populated the TokenStorage with an anonymous Token. [] []
[2017-02-06 14:30:13] GoDevis.INFO: Matched route "{route}". {"route":"admin_client_edit","route_parameters":{"_controller":"GoDevis\\Controller\\AdminController::editClientAction","id":"1","_route":"admin_client_edit"},"request_uri":"http://localhost/admin/client/1/edit","method":"GET"} []
[2017-02-06 14:30:13] GoDevis.INFO: Populated the TokenStorage with an anonymous Token. [] []
[2017-02-06 14:30:14] GoDevis.INFO: Matched route "{route}". {"route":"admin_contact_edit","route_parameters":{"_controller":"GoDevis\\Controller\\AdminController::editContactAction","id":"1","_route":"admin_contact_edit"},"request_uri":"http://localhost/admin/contact/1/edit","method":"GET"} []
[2017-02-06 14:30:14] GoDevis.INFO: Populated the TokenStorage with an anonymous Token. [] []
[2017-02-06 14:30:14] GoDevis.INFO: Matched route "{route}". {"route":"admin_user_add","route_parameters":{"_controller":"GoDevis\\Controller\\AdminController::addUserAction","_route":"admin_user_add"},"request_uri":"http://localhost/admin/user/add","method":"GET"} []
[2017-02-06 14:30:14] GoDevis.INFO: Populated the TokenStorage with an anonymous Token. [] []
[2017-02-06 14:30:14] GoDevis.INFO: Matched route "{route}". {"route":"admin_user_edit","route_parameters":{"_controller":"GoDevis\\Controller\\AdminController::editUserAction","id":"1","_route":"admin_user_edit"},"request_uri":"http://localhost/admin/user/1/edit","method":"GET"} []
[2017-02-06 14:30:14] GoDevis.INFO: Populated the TokenStorage with an anonymous Token. [] []
[2017-02-06 14:30:14] GoDevis.INFO: Matched route "{route}". {"route":"api_clients","route_parameters":{"_controller":"GoDevis\\Controller\\ApiController::getClientsAction","_route":"api_clients"},"request_uri":"http://localhost/api/clients","method":"GET"} []
[2017-02-06 14:30:14] GoDevis.INFO: Populated the TokenStorage with an anonymous Token. [] []
[2017-02-06 14:30:14] GoDevis.CRITICAL: Symfony\Component\Debug\Exception\ContextErrorException: Catchable Fatal Error: Argument 1 passed to GoDevis\Controller\ApiController::buildClientArray() must be an instance of GoDevis\Controller\Client, instance of godevis\Domain\Client given, called in C:\www\godevis\src\Controller\ApiController.php on line 24 and defined (uncaught exception) at C:\www\godevis\src\Controller\ApiController.php line 94 {"exception":"[object] (Symfony\\Component\\Debug\\Exception\\ContextErrorException(code: 0): Catchable Fatal Error: Argument 1 passed to GoDevis\\Controller\\ApiController::buildClientArray() must be an instance of GoDevis\\Controller\\Client, instance of godevis\\Domain\\Client given, called in C:\\www\\godevis\\src\\Controller\\ApiController.php on line 24 and defined at C:\\www\\godevis\\src\\Controller\\ApiController.php:94)"} []
[2017-02-06 14:30:14] GoDevis.INFO: Matched route "{route}". {"route":"api_client","route_parameters":{"_controller":"GoDevis\\Controller\\ApiController::getClientAction","id":"1","_route":"api_client"},"request_uri":"http://localhost/api/client/1","method":"GET"} []
[2017-02-06 14:30:14] GoDevis.INFO: Populated the TokenStorage with an anonymous Token. [] []
[2017-02-06 14:30:14] GoDevis.CRITICAL: Symfony\Component\Debug\Exception\ContextErrorException: Catchable Fatal Error: Argument 1 passed to GoDevis\Controller\ApiController::buildClientArray() must be an instance of GoDevis\Controller\Client, instance of godevis\Domain\Client given, called in C:\www\godevis\src\Controller\ApiController.php on line 40 and defined (uncaught exception) at C:\www\godevis\src\Controller\ApiController.php line 94 {"exception":"[object] (Symfony\\Component\\Debug\\Exception\\ContextErrorException(code: 0): Catchable Fatal Error: Argument 1 passed to GoDevis\\Controller\\ApiController::buildClientArray() must be an instance of GoDevis\\Controller\\Client, instance of godevis\\Domain\\Client given, called in C:\\www\\godevis\\src\\Controller\\ApiController.php on line 40 and defined at C:\\www\\godevis\\src\\Controller\\ApiController.php:94)"} []
[2017-02-06 14:42:28] GoDevis.INFO: Matched route "{route}". {"route":"home","route_parameters":{"_controller":"GoDevis\\Controller\\HomeController::indexAction","_route":"home"},"request_uri":"http://localhost/","method":"GET"} []
[2017-02-06 14:42:28] GoDevis.INFO: Populated the TokenStorage with an anonymous Token. [] []
[2017-02-06 14:42:28] GoDevis.INFO: Matched route "{route}". {"route":"client","route_parameters":{"_controller":"GoDevis\\Controller\\HomeController::clientAction","id":"1","_route":"client"},"request_uri":"http://localhost/client/1","method":"GET"} []
[2017-02-06 14:42:28] GoDevis.INFO: Populated the TokenStorage with an anonymous Token. [] []
[2017-02-06 14:42:28] GoDevis.INFO: Matched route "{route}". {"route":"login","route_parameters":{"_controller":"GoDevis\\Controller\\HomeController::loginAction","_route":"login"},"request_uri":"http://localhost/login","method":"GET"} []
[2017-02-06 14:42:28] GoDevis.INFO: Populated the TokenStorage with an anonymous Token. [] []
[2017-02-06 14:42:28] GoDevis.INFO: Matched route "{route}". {"route":"admin","route_parameters":{"_controller":"GoDevis\\Controller\\AdminController::indexAction","_route":"admin"},"request_uri":"http://localhost/admin","method":"GET"} []
[2017-02-06 14:42:28] GoDevis.INFO: Populated the TokenStorage with an anonymous Token. [] []
[2017-02-06 14:42:28] GoDevis.INFO: Matched route "{route}". {"route":"admin_client_add","route_parameters":{"_controller":"GoDevis\\Controller\\AdminController::addClientAction","_route":"admin_client_add"},"request_uri":"http://localhost/admin/client/add","method":"GET"} []
[2017-02-06 14:42:28] GoDevis.INFO: Populated the TokenStorage with an anonymous Token. [] []
[2017-02-06 14:42:30] GoDevis.INFO: Matched route "{route}". {"route":"admin_client_edit","route_parameters":{"_controller":"GoDevis\\Controller\\AdminController::editClientAction","id":"1","_route":"admin_client_edit"},"request_uri":"http://localhost/admin/client/1/edit","method":"GET"} []
[2017-02-06 14:42:30] GoDevis.INFO: Populated the TokenStorage with an anonymous Token. [] []
[2017-02-06 14:42:30] GoDevis.INFO: Matched route "{route}". {"route":"admin_contact_edit","route_parameters":{"_controller":"GoDevis\\Controller\\AdminController::editContactAction","id":"1","_route":"admin_contact_edit"},"request_uri":"http://localhost/admin/contact/1/edit","method":"GET"} []
[2017-02-06 14:42:30] GoDevis.INFO: Populated the TokenStorage with an anonymous Token. [] []
[2017-02-06 14:42:30] GoDevis.INFO: Matched route "{route}". {"route":"admin_user_add","route_parameters":{"_controller":"GoDevis\\Controller\\AdminController::addUserAction","_route":"admin_user_add"},"request_uri":"http://localhost/admin/user/add","method":"GET"} []
[2017-02-06 14:42:30] GoDevis.INFO: Populated the TokenStorage with an anonymous Token. [] []
[2017-02-06 14:42:30] GoDevis.INFO: Matched route "{route}". {"route":"admin_user_edit","route_parameters":{"_controller":"GoDevis\\Controller\\AdminController::editUserAction","id":"1","_route":"admin_user_edit"},"request_uri":"http://localhost/admin/user/1/edit","method":"GET"} []
[2017-02-06 14:42:30] GoDevis.INFO: Populated the TokenStorage with an anonymous Token. [] []
[2017-02-06 14:42:30] GoDevis.INFO: Matched route "{route}". {"route":"api_clients","route_parameters":{"_controller":"GoDevis\\Controller\\ApiController::getClientsAction","_route":"api_clients"},"request_uri":"http://localhost/api/clients","method":"GET"} []
[2017-02-06 14:42:30] GoDevis.INFO: Populated the TokenStorage with an anonymous Token. [] []
[2017-02-06 14:42:30] GoDevis.INFO: Matched route "{route}". {"route":"api_client","route_parameters":{"_controller":"GoDevis\\Controller\\ApiController::getClientAction","id":"1","_route":"api_client"},"request_uri":"http://localhost/api/client/1","method":"GET"} []
[2017-02-06 14:42:30] GoDevis.INFO: Populated the TokenStorage with an anonymous Token. [] []
[2017-02-06 14:43:08] GoDevis.INFO: Matched route "{route}". {"route":"home","route_parameters":{"_controller":"GoDevis\\Controller\\HomeController::indexAction","_route":"home"},"request_uri":"http://localhost/","method":"GET"} []
[2017-02-06 14:43:08] GoDevis.INFO: Populated the TokenStorage with an anonymous Token. [] []
[2017-02-06 14:43:08] GoDevis.INFO: Matched route "{route}". {"route":"client","route_parameters":{"_controller":"GoDevis\\Controller\\HomeController::clientAction","id":"1","_route":"client"},"request_uri":"http://localhost/client/1","method":"GET"} []
[2017-02-06 14:43:08] GoDevis.INFO: Populated the TokenStorage with an anonymous Token. [] []
[2017-02-06 14:43:08] GoDevis.INFO: Matched route "{route}". {"route":"login","route_parameters":{"_controller":"GoDevis\\Controller\\HomeController::loginAction","_route":"login"},"request_uri":"http://localhost/login","method":"GET"} []
[2017-02-06 14:43:08] GoDevis.INFO: Populated the TokenStorage with an anonymous Token. [] []
[2017-02-06 14:43:08] GoDevis.INFO: Matched route "{route}". {"route":"admin","route_parameters":{"_controller":"GoDevis\\Controller\\AdminController::indexAction","_route":"admin"},"request_uri":"http://localhost/admin","method":"GET"} []
[2017-02-06 14:43:08] GoDevis.INFO: Populated the TokenStorage with an anonymous Token. [] []
[2017-02-06 14:43:09] GoDevis.INFO: Matched route "{route}". {"route":"admin_client_add","route_parameters":{"_controller":"GoDevis\\Controller\\AdminController::addClientAction","_route":"admin_client_add"},"request_uri":"http://localhost/admin/client/add","method":"GET"} []
[2017-02-06 14:43:09] GoDevis.INFO: Populated the TokenStorage with an anonymous Token. [] []
[2017-02-06 14:43:10] GoDevis.INFO: Matched route "{route}". {"route":"admin_client_edit","route_parameters":{"_controller":"GoDevis\\Controller\\AdminController::editClientAction","id":"1","_route":"admin_client_edit"},"request_uri":"http://localhost/admin/client/1/edit","method":"GET"} []
[2017-02-06 14:43:10] GoDevis.INFO: Populated the TokenStorage with an anonymous Token. [] []
[2017-02-06 14:43:10] GoDevis.INFO: Matched route "{route}". {"route":"admin_contact_edit","route_parameters":{"_controller":"GoDevis\\Controller\\AdminController::editContactAction","id":"1","_route":"admin_contact_edit"},"request_uri":"http://localhost/admin/contact/1/edit","method":"GET"} []
[2017-02-06 14:43:10] GoDevis.INFO: Populated the TokenStorage with an anonymous Token. [] []
[2017-02-06 14:43:10] GoDevis.INFO: Matched route "{route}". {"route":"admin_user_add","route_parameters":{"_controller":"GoDevis\\Controller\\AdminController::addUserAction","_route":"admin_user_add"},"request_uri":"http://localhost/admin/user/add","method":"GET"} []
[2017-02-06 14:43:10] GoDevis.INFO: Populated the TokenStorage with an anonymous Token. [] []
[2017-02-06 14:43:10] GoDevis.INFO: Matched route "{route}". {"route":"admin_user_edit","route_parameters":{"_controller":"GoDevis\\Controller\\AdminController::editUserAction","id":"1","_route":"admin_user_edit"},"request_uri":"http://localhost/admin/user/1/edit","method":"GET"} []
[2017-02-06 14:43:10] GoDevis.INFO: Populated the TokenStorage with an anonymous Token. [] []
[2017-02-06 14:43:10] GoDevis.INFO: Matched route "{route}". {"route":"api_clients","route_parameters":{"_controller":"GoDevis\\Controller\\ApiController::getClientsAction","_route":"api_clients"},"request_uri":"http://localhost/api/clients","method":"GET"} []
[2017-02-06 14:43:10] GoDevis.INFO: Populated the TokenStorage with an anonymous Token. [] []
[2017-02-06 14:43:10] GoDevis.CRITICAL: Symfony\Component\Debug\Exception\ContextErrorException: Catchable Fatal Error: Argument 1 passed to GoDevis\Controller\ApiController::buildClientArray() must be an instance of GoDevis\Controller\Client, instance of godevis\Domain\Client given, called in C:\www\godevis\src\Controller\ApiController.php on line 24 and defined (uncaught exception) at C:\www\godevis\src\Controller\ApiController.php line 94 {"exception":"[object] (Symfony\\Component\\Debug\\Exception\\ContextErrorException(code: 0): Catchable Fatal Error: Argument 1 passed to GoDevis\\Controller\\ApiController::buildClientArray() must be an instance of GoDevis\\Controller\\Client, instance of godevis\\Domain\\Client given, called in C:\\www\\godevis\\src\\Controller\\ApiController.php on line 24 and defined at C:\\www\\godevis\\src\\Controller\\ApiController.php:94)"} []
[2017-02-06 14:43:10] GoDevis.INFO: Matched route "{route}". {"route":"api_client","route_parameters":{"_controller":"GoDevis\\Controller\\ApiController::getClientAction","id":"1","_route":"api_client"},"request_uri":"http://localhost/api/client/1","method":"GET"} []
[2017-02-06 14:43:10] GoDevis.INFO: Populated the TokenStorage with an anonymous Token. [] []
[2017-02-06 14:43:10] GoDevis.CRITICAL: Symfony\Component\Debug\Exception\ContextErrorException: Catchable Fatal Error: Argument 1 passed to GoDevis\Controller\ApiController::buildClientArray() must be an instance of GoDevis\Controller\Client, instance of godevis\Domain\Client given, called in C:\www\godevis\src\Controller\ApiController.php on line 40 and defined (uncaught exception) at C:\www\godevis\src\Controller\ApiController.php line 94 {"exception":"[object] (Symfony\\Component\\Debug\\Exception\\ContextErrorException(code: 0): Catchable Fatal Error: Argument 1 passed to GoDevis\\Controller\\ApiController::buildClientArray() must be an instance of GoDevis\\Controller\\Client, instance of godevis\\Domain\\Client given, called in C:\\www\\godevis\\src\\Controller\\ApiController.php on line 40 and defined at C:\\www\\godevis\\src\\Controller\\ApiController.php:94)"} []
[2017-02-06 14:44:17] GoDevis.INFO: Matched route "{route}". {"route":"home","route_parameters":{"_controller":"GoDevis\\Controller\\HomeController::indexAction","_route":"home"},"request_uri":"http://localhost/","method":"GET"} []
[2017-02-06 14:44:17] GoDevis.INFO: Populated the TokenStorage with an anonymous Token. [] []
[2017-02-06 14:44:17] GoDevis.INFO: Matched route "{route}". {"route":"client","route_parameters":{"_controller":"GoDevis\\Controller\\HomeController::clientAction","id":"1","_route":"client"},"request_uri":"http://localhost/client/1","method":"GET"} []
[2017-02-06 14:44:17] GoDevis.INFO: Populated the TokenStorage with an anonymous Token. [] []
[2017-02-06 14:44:17] GoDevis.INFO: Matched route "{route}". {"route":"login","route_parameters":{"_controller":"GoDevis\\Controller\\HomeController::loginAction","_route":"login"},"request_uri":"http://localhost/login","method":"GET"} []
[2017-02-06 14:44:17] GoDevis.INFO: Populated the TokenStorage with an anonymous Token. [] []
[2017-02-06 14:44:17] GoDevis.INFO: Matched route "{route}". {"route":"admin","route_parameters":{"_controller":"GoDevis\\Controller\\AdminController::indexAction","_route":"admin"},"request_uri":"http://localhost/admin","method":"GET"} []
[2017-02-06 14:44:17] GoDevis.INFO: Populated the TokenStorage with an anonymous Token. [] []
[2017-02-06 14:44:18] GoDevis.INFO: Matched route "{route}". {"route":"admin_client_add","route_parameters":{"_controller":"GoDevis\\Controller\\AdminController::addClientAction","_route":"admin_client_add"},"request_uri":"http://localhost/admin/client/add","method":"GET"} []
[2017-02-06 14:44:18] GoDevis.INFO: Populated the TokenStorage with an anonymous Token. [] []
[2017-02-06 14:44:19] GoDevis.INFO: Matched route "{route}". {"route":"admin_client_edit","route_parameters":{"_controller":"GoDevis\\Controller\\AdminController::editClientAction","id":"1","_route":"admin_client_edit"},"request_uri":"http://localhost/admin/client/1/edit","method":"GET"} []
[2017-02-06 14:44:19] GoDevis.INFO: Populated the TokenStorage with an anonymous Token. [] []
[2017-02-06 14:44:19] GoDevis.INFO: Matched route "{route}". {"route":"admin_contact_edit","route_parameters":{"_controller":"GoDevis\\Controller\\AdminController::editContactAction","id":"1","_route":"admin_contact_edit"},"request_uri":"http://localhost/admin/contact/1/edit","method":"GET"} []
[2017-02-06 14:44:19] GoDevis.INFO: Populated the TokenStorage with an anonymous Token. [] []
[2017-02-06 14:44:19] GoDevis.INFO: Matched route "{route}". {"route":"admin_user_add","route_parameters":{"_controller":"GoDevis\\Controller\\AdminController::addUserAction","_route":"admin_user_add"},"request_uri":"http://localhost/admin/user/add","method":"GET"} []
[2017-02-06 14:44:19] GoDevis.INFO: Populated the TokenStorage with an anonymous Token. [] []
[2017-02-06 14:44:19] GoDevis.INFO: Matched route "{route}". {"route":"admin_user_edit","route_parameters":{"_controller":"GoDevis\\Controller\\AdminController::editUserAction","id":"1","_route":"admin_user_edit"},"request_uri":"http://localhost/admin/user/1/edit","method":"GET"} []
[2017-02-06 14:44:19] GoDevis.INFO: Populated the TokenStorage with an anonymous Token. [] []
[2017-02-06 14:44:19] GoDevis.INFO: Matched route "{route}". {"route":"api_clients","route_parameters":{"_controller":"GoDevis\\Controller\\ApiController::getClientsAction","_route":"api_clients"},"request_uri":"http://localhost/api/clients","method":"GET"} []
[2017-02-06 14:44:19] GoDevis.INFO: Populated the TokenStorage with an anonymous Token. [] []
[2017-02-06 14:44:19] GoDevis.INFO: Matched route "{route}". {"route":"api_client","route_parameters":{"_controller":"GoDevis\\Controller\\ApiController::getClientAction","id":"1","_route":"api_client"},"request_uri":"http://localhost/api/client/1","method":"GET"} []
[2017-02-06 14:44:19] GoDevis.INFO: Populated the TokenStorage with an anonymous Token. [] []
[2017-02-06 16:01:16] GoDevis.INFO: Matched route "{route}". {"route":"home","route_parameters":{"_controller":"GoDevis\\Controller\\HomeController::indexAction","_route":"home"},"request_uri":"http://godevis/","method":"GET"} []
[2017-02-06 16:01:16] GoDevis.INFO: Populated the TokenStorage with an anonymous Token. [] []
[2017-02-06 16:01:20] GoDevis.INFO: Matched route "{route}". {"route":"login","route_parameters":{"_controller":"GoDevis\\Controller\\HomeController::loginAction","_route":"login"},"request_uri":"http://godevis/login","method":"GET"} []
[2017-02-06 16:01:20] GoDevis.INFO: Populated the TokenStorage with an anonymous Token. [] []
[2017-02-06 16:01:29] GoDevis.INFO: Matched route "{route}". {"route":"login_check","route_parameters":{"_controller":null,"_route":"login_check"},"request_uri":"http://godevis/login_check","method":"POST"} []
[2017-02-06 16:01:30] GoDevis.INFO: User has been authenticated successfully. {"username":"admin"} []
[2017-02-06 16:01:30] GoDevis.INFO: Matched route "{route}". {"route":"home","route_parameters":{"_controller":"GoDevis\\Controller\\HomeController::indexAction","_route":"home"},"request_uri":"http://godevis/","method":"GET"} []
[2017-02-06 16:01:33] GoDevis.INFO: Matched route "{route}". {"route":"admin","route_parameters":{"_controller":"GoDevis\\Controller\\AdminController::indexAction","_route":"admin"},"request_uri":"http://godevis/admin","method":"GET"} []
[2017-02-06 16:04:26] GoDevis.INFO: Matched route "{route}". {"route":"admin","route_parameters":{"_controller":"GoDevis\\Controller\\AdminController::indexAction","_route":"admin"},"request_uri":"http://godevis/admin","method":"GET"} []
[2017-02-06 16:04:36] GoDevis.INFO: Matched route "{route}". {"route":"client","route_parameters":{"_controller":"GoDevis\\Controller\\HomeController::clientAction","id":"2","_route":"client"},"request_uri":"http://godevis/client/2","method":"GET"} []
[2017-02-06 16:05:18] GoDevis.INFO: Matched route "{route}". {"route":"client","route_parameters":{"_controller":"GoDevis\\Controller\\HomeController::clientAction","id":"2","_route":"client"},"request_uri":"http://godevis/client/2","method":"GET"} []
[2017-02-06 16:05:25] GoDevis.INFO: Matched route "{route}". {"route":"admin","route_parameters":{"_controller":"GoDevis\\Controller\\AdminController::indexAction","_route":"admin"},"request_uri":"http://godevis/admin","method":"GET"} []
[2017-02-06 16:07:15] GoDevis.INFO: Matched route "{route}". {"route":"admin","route_parameters":{"_controller":"GoDevis\\Controller\\AdminController::indexAction","_route":"admin"},"request_uri":"http://godevis/admin","method":"GET"} []
[2017-02-06 16:07:36] GoDevis.INFO: Matched route "{route}". {"route":"admin_user_add","route_parameters":{"_controller":"GoDevis\\Controller\\AdminController::addUserAction","_route":"admin_user_add"},"request_uri":"http://godevis/admin/user/add","method":"GET"} []
[2017-02-06 16:32:44] GoDevis.INFO: Matched route "{route}". {"route":"home","route_parameters":{"_controller":"GoDevis\\Controller\\HomeController::indexAction","_route":"home"},"request_uri":"http://godevis/","method":"GET"} []
[2017-02-06 16:33:06] GoDevis.INFO: Matched route "{route}". {"route":"home","route_parameters":{"_controller":"GoDevis\\Controller\\HomeController::indexAction","_route":"home"},"request_uri":"http://godevis/","method":"GET"} []
[2017-02-06 16:33:19] GoDevis.INFO: Matched route "{route}". {"route":"admin","route_parameters":{"_controller":"GoDevis\\Controller\\AdminController::indexAction","_route":"admin"},"request_uri":"http://godevis/admin","method":"GET"} []
[2017-02-06 16:33:31] GoDevis.INFO: Matched route "{route}". {"route":"admin_user_edit","route_parameters":{"_controller":"GoDevis\\Controller\\AdminController::editUserAction","id":"3","_route":"admin_user_edit"},"request_uri":"http://godevis/admin/user/3/edit","method":"GET"} []
[2017-02-06 16:34:20] GoDevis.INFO: Matched route "{route}". {"route":"home","route_parameters":{"_controller":"GoDevis\\Controller\\HomeController::indexAction","_route":"home"},"request_uri":"http://godevis/","method":"GET"} []
[2017-02-06 16:34:30] GoDevis.INFO: Matched route "{route}". {"route":"admin","route_parameters":{"_controller":"GoDevis\\Controller\\AdminController::indexAction","_route":"admin"},"request_uri":"http://godevis/admin","method":"GET"} []
[2017-02-06 16:34:34] GoDevis.INFO: Matched route "{route}". {"route":"client","route_parameters":{"_controller":"GoDevis\\Controller\\HomeController::clientAction","id":"2","_route":"client"},"request_uri":"http://godevis/client/2","method":"GET"} []
[2017-02-06 16:34:50] GoDevis.INFO: Matched route "{route}". {"route":"admin","route_parameters":{"_controller":"GoDevis\\Controller\\AdminController::indexAction","_route":"admin"},"request_uri":"http://godevis/admin","method":"GET"} []
[2017-02-06 16:34:56] GoDevis.INFO: Matched route "{route}". {"route":"admin_client_edit","route_parameters":{"_controller":"GoDevis\\Controller\\AdminController::editClientAction","id":"1","_route":"admin_client_edit"},"request_uri":"http://godevis/admin/client/1/edit","method":"GET"} []
[2017-02-06 16:35:11] GoDevis.INFO: Matched route "{route}". {"route":"admin_client_edit","route_parameters":{"_controller":"GoDevis\\Controller\\AdminController::editClientAction","id":"1","_route":"admin_client_edit"},"request_uri":"http://godevis/admin/client/1/edit","method":"POST"} []
[2017-02-06 16:35:21] GoDevis.INFO: Matched route "{route}". {"route":"admin","route_parameters":{"_controller":"GoDevis\\Controller\\AdminController::indexAction","_route":"admin"},"request_uri":"http://godevis/admin","method":"GET"} []
